

times in msec
 clock   self+sourced   self:  sourced script
 clock   elapsed:              other lines

000.035  000.035: --- NVIM STARTING ---
001.605  001.570: locale set
003.232  001.628: inits 1
003.303  000.071: window checked
003.316  000.013: parsing arguments
003.596  000.280: expanding arguments
003.797  000.201: inits 2
008.008  004.211: init highlight
008.030  000.022: waiting for UI
014.037  006.007: done waiting for UI
014.374  000.338: initialized screen early for UI
015.155  000.071  000.071: sourcing /usr/share/nvim/archlinux.vim
015.184  000.222  000.151: sourcing /etc/xdg//nvim/sysinit.vim
075.272  001.531  001.531: sourcing /usr/share/nvim/runtime/syntax/syncolor.vim
076.968  003.566  002.035: sourcing /usr/share/nvim/runtime/syntax/synload.vim
117.329  000.086  000.086: sourcing /usr/share/vim/vimfiles/ftdetect/PKGBUILD.vim
117.550  000.126  000.126: sourcing /usr/share/vim/vimfiles/ftdetect/lf.vim
117.787  000.149  000.149: sourcing /usr/share/vim/vimfiles/ftdetect/meson.vim
119.145  041.902  041.541: sourcing /usr/share/nvim/runtime/filetype.vim
120.359  047.326  001.859: sourcing /usr/share/nvim/runtime/syntax/syntax.vim
120.667  000.058  000.058: sourcing /usr/share/nvim/runtime/filetype.vim
122.091  000.180  000.180: sourcing /usr/share/nvim/runtime/ftplugin.vim
124.836  000.759  000.759: sourcing /usr/share/nvim/runtime/syntax/syncolor.vim
127.213  064.295: sourcing vimrc file(s)
127.484  000.129  000.129: sourcing /usr/share/nvim/runtime/indent.vim
164.554  000.023  000.023: sourcing /home/tramhao/.local/share/nvim/site/pack/packer/start/gruvbuddy.nvim/colors/gruvbuddy.vim
176.280  000.519  000.519: sourcing /usr/share/nvim/runtime/syntax/nosyntax.vim
176.701  000.014  000.014: sourcing /home/tramhao/.local/share/nvim/site/pack/packer/start/gruvbuddy.nvim/colors/gruvbuddy.vim
177.192  000.727  000.713: sourcing /usr/share/nvim/runtime/syntax/synload.vim
177.252  001.573  000.327: sourcing /usr/share/nvim/runtime/syntax/syntax.vim
178.050  048.358  046.762: sourcing /home/tramhao/.config/nvim/plugin/packer_compiled.vim
179.181  000.067  000.067: sourcing /usr/share/nvim/runtime/plugin/gzip.vim
179.280  000.042  000.042: sourcing /usr/share/nvim/runtime/plugin/health.vim
179.578  000.245  000.245: sourcing /usr/share/nvim/runtime/plugin/man.vim
179.685  000.048  000.048: sourcing /usr/share/nvim/runtime/plugin/matchit.vim
179.780  000.045  000.045: sourcing /usr/share/nvim/runtime/plugin/matchparen.vim
179.898  000.067  000.067: sourcing /usr/share/nvim/runtime/plugin/netrwPlugin.vim
180.468  000.038  000.038: sourcing /home/tramhao/.local/share/nvim/rplugin.vim
180.489  000.543  000.505: sourcing /usr/share/nvim/runtime/plugin/rplugin.vim
180.887  000.353  000.353: sourcing /usr/share/nvim/runtime/plugin/shada.vim
181.066  000.084  000.084: sourcing /usr/share/nvim/runtime/plugin/spellfile.vim
181.191  000.058  000.058: sourcing /usr/share/nvim/runtime/plugin/tarPlugin.vim
181.292  000.040  000.040: sourcing /usr/share/nvim/runtime/plugin/tohtml.vim
181.420  000.069  000.069: sourcing /usr/share/nvim/runtime/plugin/tutor.vim
181.551  000.072  000.072: sourcing /usr/share/nvim/runtime/plugin/zipPlugin.vim
183.951  002.139  002.139: sourcing /usr/share/vim/vimfiles/plugin/fzf.vim
183.966  004.395: loading plugins
189.025  004.297  004.297: sourcing /home/tramhao/.local/share/nvim/site/pack/packer/start/kommentary/plugin/kommentary.vim
189.385  000.094  000.094: sourcing /home/tramhao/.local/share/nvim/site/pack/packer/start/nvim-web-devicons/plugin/nvim-web-devicons.vim
189.741  000.135  000.135: sourcing /home/tramhao/.local/share/nvim/site/pack/packer/start/rainbow/plugin/rainbow_main.vim
194.325  004.295  004.295: sourcing /home/tramhao/.local/share/nvim/site/pack/packer/start/vim-sneak/plugin/sneak.vim
194.866  002.079: loading packages
195.306  000.440: loading after plugins
195.346  000.040: inits 3
204.021  008.675: reading ShaDa
204.581  000.560: opening buffers
205.100  000.519: BufEnter autocommands
205.110  000.010: editing files in windows
